=/pretest.json
{
  _: [],
  f: [
    '/home/runner/work/exp-polynomial-arithmetic-iiith/exp-polynomial-arithmetic-iiith/experiment/pretest.json'
  ],
  files: [
    '/home/runner/work/exp-polynomial-arithmetic-iiith/exp-polynomial-arithmetic-iiith/experiment/pretest.json'
  ],
  c: 'assessment',
  contentTypes: 'assessment',
  'content-types': 'assessment',
  '$0': 'validate'
}
Validated true
=/polynomial-arithmetic-linked-list/polynomials-quiz.json
{
  _: [],
  f: [
    '/home/runner/work/exp-polynomial-arithmetic-iiith/exp-polynomial-arithmetic-iiith/experiment/polynomial-arithmetic-linked-list/polynomials-quiz.json'
  ],
  files: [
    '/home/runner/work/exp-polynomial-arithmetic-iiith/exp-polynomial-arithmetic-iiith/experiment/polynomial-arithmetic-linked-list/polynomials-quiz.json'
  ],
  c: 'assessment',
  contentTypes: 'assessment',
  'content-types': 'assessment',
  '$0': 'validate'
}
Validated true
=/analysis/analysis-quiz.json
{
  _: [],
  f: [
    '/home/runner/work/exp-polynomial-arithmetic-iiith/exp-polynomial-arithmetic-iiith/experiment/analysis/analysis-quiz.json'
  ],
  files: [
    '/home/runner/work/exp-polynomial-arithmetic-iiith/exp-polynomial-arithmetic-iiith/experiment/analysis/analysis-quiz.json'
  ],
  c: 'assessment',
  contentTypes: 'assessment',
  'content-types': 'assessment',
  '$0': 'validate'
}
Validated true
=/posttest.json
{
  _: [],
  f: [
    '/home/runner/work/exp-polynomial-arithmetic-iiith/exp-polynomial-arithmetic-iiith/experiment/posttest.json'
  ],
  files: [
    '/home/runner/work/exp-polynomial-arithmetic-iiith/exp-polynomial-arithmetic-iiith/experiment/posttest.json'
  ],
  c: 'assessment',
  contentTypes: 'assessment',
  'content-types': 'assessment',
  '$0': 'validate'
}
Validated true
