feedback.html     http://outreach.vlabs.ac.in/
further-reading-and-references.html     http://outreach.vlabs.ac.in/
index.html     http://outreach.vlabs.ac.in/
overview.html     http://outreach.vlabs.ac.in/
performance-report.html     http://vlab.co.in
posttest.html     http://outreach.vlabs.ac.in/
pretest.html     http://outreach.vlabs.ac.in/
recap.html     http://outreach.vlabs.ac.in/
validator-report.html     http://vlab.co.in
analysis/analysis-quiz.html     http://outreach.vlabs.ac.in/
analysis/index.html     http://outreach.vlabs.ac.in/
analysis/time-and-space-complexity.html     http://outreach.vlabs.ac.in/
polynomial-arithmetic-linked-list/addition-of-polynomials.html     http://outreach.vlabs.ac.in/
polynomial-arithmetic-linked-list/index.html     http://outreach.vlabs.ac.in/
polynomial-arithmetic-linked-list/multiplication-of-polynomials.html     http://outreach.vlabs.ac.in/
polynomial-arithmetic-linked-list/polynomials-quiz.html     http://outreach.vlabs.ac.in/
polynomial-arithmetic-linked-list/subtraction-of-polynomials.html     http://outreach.vlabs.ac.in/
polynomials/algorithm.html     http://outreach.vlabs.ac.in/
polynomials/index.html     http://outreach.vlabs.ac.in/
polynomials/overview.html     http://outreach.vlabs.ac.in/
polynomials/representation.html     http://outreach.vlabs.ac.in/
